<?xml version="1.0" encoding="UTF-8"?>
<!-- Generated by org.testng.reporters.JUnitXMLReporter -->
<testsuite hostname="LAPTOP-Q3VD0TQR" ignored="4" name="Achievements Tests" tests="7" failures="0" timestamp="2021-02-24T22:19:00 IST" time="262.861" errors="0">
  <testcase name="test1" time="8.823" classname="achievements.FunctionalTests"/>
  <testcase name="test2" time="4.345" classname="achievements.FunctionalTests"/>
  <testcase name="test3" time="2.944" classname="achievements.FunctionalTests"/>
  <testcase name="achievements_saveAchievemnts_userInitiated" time="6.343" classname="achievements.DBErrors"/>
  <testcase name="test1" time="2.408" classname="achievements.DBErrors"/>
  <testcase name="test2" time="2.623" classname="achievements.DBErrors"/>
  <testcase name="test3" time="3.054" classname="achievements.DBErrors"/>
  <testcase name="@BeforeSuite oneTimeSetUp" time="0.0" classname="baseClass.Driver">
    <ignored/>
  </testcase> <!-- @BeforeSuite oneTimeSetUp -->
  <testcase name="@AfterTest achievementsPostCondition" time="0.0" classname="achievements.TC_Achievements_PreCondition">
    <ignored/>
  </testcase> <!-- @AfterTest achievementsPostCondition -->
  <testcase name="@AfterSuite oneTimeTearDown" time="0.0" classname="baseClass.Driver">
    <ignored/>
  </testcase> <!-- @AfterSuite oneTimeTearDown -->
  <testcase name="@BeforeTest achievementsPreCondition" time="0.0" classname="achievements.TC_Achievements_PreCondition">
    <ignored/>
  </testcase> <!-- @BeforeTest achievementsPreCondition -->
</testsuite> <!-- Achievements Tests -->
