<?xml version="1.0" encoding="UTF-8"?>
<!-- Generated by org.testng.reporters.JUnitXMLReporter -->
<testsuite hostname="LAPTOP-Q3VD0TQR" ignored="4" name="FreeGames Tests" tests="6" failures="0" timestamp="2021-02-24T22:22:45 IST" time="224.632" errors="0">
  <testcase name="test1" time="2.815" classname="freeGames.BonusOffers"/>
  <testcase name="test2" time="2.343" classname="freeGames.BonusOffers"/>
  <testcase name="test3" time="2.688" classname="freeGames.BonusOffers"/>
  <testcase name="test1" time="0.001" classname="freeGames.CashOffers"/>
  <testcase name="test2" time="0.001" classname="freeGames.CashOffers"/>
  <testcase name="test3" time="0.003" classname="freeGames.CashOffers"/>
  <testcase name="@BeforeSuite oneTimeSetUp" time="0.0" classname="baseClass.Driver">
    <ignored/>
  </testcase> <!-- @BeforeSuite oneTimeSetUp -->
  <testcase name="@BeforeTest freeGamesPreCondition" time="0.0" classname="freeGames.TC_FreeGames_PreCondition">
    <ignored/>
  </testcase> <!-- @BeforeTest freeGamesPreCondition -->
  <testcase name="@AfterTest freeGamesPostCondition" time="0.0" classname="freeGames.TC_FreeGames_PreCondition">
    <ignored/>
  </testcase> <!-- @AfterTest freeGamesPostCondition -->
  <testcase name="@AfterSuite oneTimeTearDown" time="0.0" classname="baseClass.Driver">
    <ignored/>
  </testcase> <!-- @AfterSuite oneTimeTearDown -->
</testsuite> <!-- FreeGames Tests -->
