<?xml version="1.0" encoding="UTF-8"?>
<!-- Generated by org.testng.reporters.JUnitXMLReporter -->
<testsuite hostname="LAPTOP-Q3VD0TQR" ignored="1" name="Test" tests="2" failures="0" timestamp="2021-02-23T22:30:32 IST" time="0.041" errors="0">
  <testcase name="test2" time="0.008" classname="testing.AnnotationsClass3"/>
  <testcase name="test1" time="0.0" classname="testing.AnnotationsClass3"/>
  <testcase name="test3" time="0.0" classname="testing.AnnotationsClass3">
    <ignored/>
  </testcase> <!-- test3 -->
</testsuite> <!-- Test -->
