<?xml version="1.0" encoding="UTF-8"?>
<!-- Generated by org.testng.reporters.JUnitXMLReporter -->
<testsuite hostname="LAPTOP-Q3VD0TQR" ignored="4" name="TimerAndSweepers Tests" tests="6" failures="0" timestamp="2021-02-24T22:24:23 IST" time="97.674" errors="0">
  <testcase name="test1" time="2.56" classname="timersAndSweepers.UserInitiated"/>
  <testcase name="test2" time="2.976" classname="timersAndSweepers.UserInitiated"/>
  <testcase name="test3" time="2.624" classname="timersAndSweepers.UserInitiated"/>
  <testcase name="test1" time="3.455" classname="timersAndSweepers.SweeperInitiated"/>
  <testcase name="test2" time="2.503" classname="timersAndSweepers.SweeperInitiated"/>
  <testcase name="test3" time="2.632" classname="timersAndSweepers.SweeperInitiated"/>
  <testcase name="@BeforeSuite oneTimeSetUp" time="0.0" classname="baseClass.Driver">
    <ignored/>
  </testcase> <!-- @BeforeSuite oneTimeSetUp -->
  <testcase name="@BeforeTest timersAndSweepersPreCondition" time="0.0" classname="timersAndSweepers.TC_TimersAndSweepers_PreCondition">
    <ignored/>
  </testcase> <!-- @BeforeTest timersAndSweepersPreCondition -->
  <testcase name="@AfterSuite oneTimeTearDown" time="0.0" classname="baseClass.Driver">
    <ignored/>
  </testcase> <!-- @AfterSuite oneTimeTearDown -->
  <testcase name="@AfterTest timersAndSweepersPostCondition" time="0.0" classname="timersAndSweepers.TC_TimersAndSweepers_PreCondition">
    <ignored/>
  </testcase> <!-- @AfterTest timersAndSweepersPostCondition -->
</testsuite> <!-- TimerAndSweepers Tests -->
