<?xml version="1.0" encoding="UTF-8"?>
<testng-results skipped="0" failed="0" ignored="12" total="31" passed="19">
  <reporter-output>
  </reporter-output>
  <suite name="Suite" duration-ms="239" started-at="2021-02-24T22:00:42 IST" finished-at="2021-02-24T22:00:42 IST">
    <groups>
    </groups>
    <test name="Achievements Tests" duration-ms="97" started-at="2021-02-24T22:00:42 IST" finished-at="2021-02-24T22:00:42 IST">
      <class name="achievements.FunctionalTests">
        <test-method status="PASS" signature="achievementsPreCondition()[pri:0, instance:achievements.FunctionalTests@3701eaf6]" name="achievementsPreCondition" is-config="true" duration-ms="0" started-at="2021-02-24T22:00:42 IST" finished-at="2021-02-24T22:00:42 IST">
          <reporter-output>
          </reporter-output>
        </test-method> <!-- achievementsPreCondition -->
        <test-method status="PASS" signature="functionalTestsPreCondition()[pri:0, instance:achievements.FunctionalTests@3701eaf6]" name="functionalTestsPreCondition" is-config="true" duration-ms="1" started-at="2021-02-24T22:00:42 IST" finished-at="2021-02-24T22:00:42 IST">
          <reporter-output>
          </reporter-output>
        </test-method> <!-- functionalTestsPreCondition -->
        <test-method status="PASS" signature="commonPreConditionForAllTheTestCases()[pri:0, instance:achievements.FunctionalTests@3701eaf6]" name="commonPreConditionForAllTheTestCases" is-config="true" duration-ms="1" started-at="2021-02-24T22:00:42 IST" finished-at="2021-02-24T22:00:42 IST">
          <reporter-output>
          </reporter-output>
        </test-method> <!-- commonPreConditionForAllTheTestCases -->
        <test-method status="PASS" signature="test1()[pri:0, instance:achievements.FunctionalTests@3701eaf6]" name="test1" duration-ms="13" started-at="2021-02-24T22:00:42 IST" finished-at="2021-02-24T22:00:42 IST">
          <reporter-output>
          </reporter-output>
        </test-method> <!-- test1 -->
        <test-method status="PASS" signature="commonPostConditionForAllTheTestCases()[pri:0, instance:achievements.FunctionalTests@3701eaf6]" name="commonPostConditionForAllTheTestCases" is-config="true" duration-ms="1" started-at="2021-02-24T22:00:42 IST" finished-at="2021-02-24T22:00:42 IST">
          <reporter-output>
          </reporter-output>
        </test-method> <!-- commonPostConditionForAllTheTestCases -->
        <test-method status="PASS" signature="test2()[pri:0, instance:achievements.FunctionalTests@3701eaf6]" name="test2" duration-ms="2" started-at="2021-02-24T22:00:42 IST" finished-at="2021-02-24T22:00:42 IST">
          <reporter-output>
          </reporter-output>
        </test-method> <!-- test2 -->
        <test-method status="PASS" signature="commonPreConditionForAllTheTestCases()[pri:0, instance:achievements.FunctionalTests@3701eaf6]" name="commonPreConditionForAllTheTestCases" is-config="true" duration-ms="0" started-at="2021-02-24T22:00:42 IST" finished-at="2021-02-24T22:00:42 IST">
          <reporter-output>
          </reporter-output>
        </test-method> <!-- commonPreConditionForAllTheTestCases -->
        <test-method status="PASS" signature="commonPostConditionForAllTheTestCases()[pri:0, instance:achievements.FunctionalTests@3701eaf6]" name="commonPostConditionForAllTheTestCases" is-config="true" duration-ms="1" started-at="2021-02-24T22:00:42 IST" finished-at="2021-02-24T22:00:42 IST">
          <reporter-output>
          </reporter-output>
        </test-method> <!-- commonPostConditionForAllTheTestCases -->
        <test-method status="PASS" signature="commonPreConditionForAllTheTestCases()[pri:0, instance:achievements.FunctionalTests@3701eaf6]" name="commonPreConditionForAllTheTestCases" is-config="true" duration-ms="0" started-at="2021-02-24T22:00:42 IST" finished-at="2021-02-24T22:00:42 IST">
          <reporter-output>
          </reporter-output>
        </test-method> <!-- commonPreConditionForAllTheTestCases -->
        <test-method status="PASS" signature="test3()[pri:0, instance:achievements.FunctionalTests@3701eaf6]" name="test3" duration-ms="1" started-at="2021-02-24T22:00:42 IST" finished-at="2021-02-24T22:00:42 IST">
          <reporter-output>
          </reporter-output>
        </test-method> <!-- test3 -->
        <test-method status="PASS" signature="commonPostConditionForAllTheTestCases()[pri:0, instance:achievements.FunctionalTests@3701eaf6]" name="commonPostConditionForAllTheTestCases" is-config="true" duration-ms="0" started-at="2021-02-24T22:00:42 IST" finished-at="2021-02-24T22:00:42 IST">
          <reporter-output>
          </reporter-output>
        </test-method> <!-- commonPostConditionForAllTheTestCases -->
        <test-method status="PASS" signature="functionalTestsPreConditionPostCondition()[pri:0, instance:achievements.FunctionalTests@3701eaf6]" name="functionalTestsPreConditionPostCondition" is-config="true" duration-ms="1" started-at="2021-02-24T22:00:42 IST" finished-at="2021-02-24T22:00:42 IST">
          <reporter-output>
          </reporter-output>
        </test-method> <!-- functionalTestsPreConditionPostCondition -->
        <test-method status="PASS" signature="achievementsPostCondition()[pri:0, instance:achievements.FunctionalTests@3701eaf6]" name="achievementsPostCondition" is-config="true" duration-ms="1" started-at="2021-02-24T22:00:42 IST" finished-at="2021-02-24T22:00:42 IST">
          <reporter-output>
          </reporter-output>
        </test-method> <!-- achievementsPostCondition -->
      </class> <!-- achievements.FunctionalTests -->
      <class name="achievements.DBErrors">
        <test-method status="PASS" signature="dbErrorsPreCondition()[pri:0, instance:achievements.DBErrors@627551fb]" name="dbErrorsPreCondition" is-config="true" duration-ms="0" started-at="2021-02-24T22:00:42 IST" finished-at="2021-02-24T22:00:42 IST">
          <reporter-output>
          </reporter-output>
        </test-method> <!-- dbErrorsPreCondition -->
        <test-method status="PASS" signature="commonPreConditionForAllTheTestCases()[pri:0, instance:achievements.DBErrors@627551fb]" name="commonPreConditionForAllTheTestCases" is-config="true" duration-ms="0" started-at="2021-02-24T22:00:42 IST" finished-at="2021-02-24T22:00:42 IST">
          <reporter-output>
          </reporter-output>
        </test-method> <!-- commonPreConditionForAllTheTestCases -->
        <test-method status="PASS" signature="achievements_saveAchievemnts_userInitiated()[pri:0, instance:achievements.DBErrors@627551fb]" name="achievements_saveAchievemnts_userInitiated" duration-ms="2" started-at="2021-02-24T22:00:42 IST" finished-at="2021-02-24T22:00:42 IST">
          <reporter-output>
          </reporter-output>
        </test-method> <!-- achievements_saveAchievemnts_userInitiated -->
        <test-method status="PASS" signature="commonPostConditionForAllTheTestCases()[pri:0, instance:achievements.DBErrors@627551fb]" name="commonPostConditionForAllTheTestCases" is-config="true" duration-ms="1" started-at="2021-02-24T22:00:42 IST" finished-at="2021-02-24T22:00:42 IST">
          <reporter-output>
          </reporter-output>
        </test-method> <!-- commonPostConditionForAllTheTestCases -->
        <test-method status="PASS" signature="commonPreConditionForAllTheTestCases()[pri:0, instance:achievements.DBErrors@627551fb]" name="commonPreConditionForAllTheTestCases" is-config="true" duration-ms="1" started-at="2021-02-24T22:00:42 IST" finished-at="2021-02-24T22:00:42 IST">
          <reporter-output>
          </reporter-output>
        </test-method> <!-- commonPreConditionForAllTheTestCases -->
        <test-method status="PASS" signature="test1()[pri:0, instance:achievements.DBErrors@627551fb]" name="test1" duration-ms="1" started-at="2021-02-24T22:00:42 IST" finished-at="2021-02-24T22:00:42 IST">
          <reporter-output>
          </reporter-output>
        </test-method> <!-- test1 -->
        <test-method status="PASS" signature="commonPostConditionForAllTheTestCases()[pri:0, instance:achievements.DBErrors@627551fb]" name="commonPostConditionForAllTheTestCases" is-config="true" duration-ms="0" started-at="2021-02-24T22:00:42 IST" finished-at="2021-02-24T22:00:42 IST">
          <reporter-output>
          </reporter-output>
        </test-method> <!-- commonPostConditionForAllTheTestCases -->
        <test-method status="PASS" signature="commonPreConditionForAllTheTestCases()[pri:0, instance:achievements.DBErrors@627551fb]" name="commonPreConditionForAllTheTestCases" is-config="true" duration-ms="0" started-at="2021-02-24T22:00:42 IST" finished-at="2021-02-24T22:00:42 IST">
          <reporter-output>
          </reporter-output>
        </test-method> <!-- commonPreConditionForAllTheTestCases -->
        <test-method status="PASS" signature="test2()[pri:0, instance:achievements.DBErrors@627551fb]" name="test2" duration-ms="2" started-at="2021-02-24T22:00:42 IST" finished-at="2021-02-24T22:00:42 IST">
          <reporter-output>
          </reporter-output>
        </test-method> <!-- test2 -->
        <test-method status="PASS" signature="commonPostConditionForAllTheTestCases()[pri:0, instance:achievements.DBErrors@627551fb]" name="commonPostConditionForAllTheTestCases" is-config="true" duration-ms="0" started-at="2021-02-24T22:00:42 IST" finished-at="2021-02-24T22:00:42 IST">
          <reporter-output>
          </reporter-output>
        </test-method> <!-- commonPostConditionForAllTheTestCases -->
        <test-method status="PASS" signature="commonPreConditionForAllTheTestCases()[pri:0, instance:achievements.DBErrors@627551fb]" name="commonPreConditionForAllTheTestCases" is-config="true" duration-ms="0" started-at="2021-02-24T22:00:42 IST" finished-at="2021-02-24T22:00:42 IST">
          <reporter-output>
          </reporter-output>
        </test-method> <!-- commonPreConditionForAllTheTestCases -->
        <test-method status="PASS" signature="test3()[pri:0, instance:achievements.DBErrors@627551fb]" name="test3" duration-ms="2" started-at="2021-02-24T22:00:42 IST" finished-at="2021-02-24T22:00:42 IST">
          <reporter-output>
          </reporter-output>
        </test-method> <!-- test3 -->
        <test-method status="PASS" signature="commonPostConditionForAllTheTestCases()[pri:0, instance:achievements.DBErrors@627551fb]" name="commonPostConditionForAllTheTestCases" is-config="true" duration-ms="1" started-at="2021-02-24T22:00:42 IST" finished-at="2021-02-24T22:00:42 IST">
          <reporter-output>
          </reporter-output>
        </test-method> <!-- commonPostConditionForAllTheTestCases -->
        <test-method status="PASS" signature="dbErrorsPostCondition()[pri:0, instance:achievements.DBErrors@627551fb]" name="dbErrorsPostCondition" is-config="true" duration-ms="0" started-at="2021-02-24T22:00:42 IST" finished-at="2021-02-24T22:00:42 IST">
          <reporter-output>
          </reporter-output>
        </test-method> <!-- dbErrorsPostCondition -->
      </class> <!-- achievements.DBErrors -->
    </test> <!-- Achievements Tests -->
    <test name="FreeGames Tests" duration-ms="38" started-at="2021-02-24T22:00:42 IST" finished-at="2021-02-24T22:00:42 IST">
      <class name="freeGames.BonusOffers">
        <test-method status="PASS" signature="freeGamesPreCondition()[pri:0, instance:freeGames.BonusOffers@3fd7a715]" name="freeGamesPreCondition" is-config="true" duration-ms="0" started-at="2021-02-24T22:00:42 IST" finished-at="2021-02-24T22:00:42 IST">
          <reporter-output>
          </reporter-output>
        </test-method> <!-- freeGamesPreCondition -->
        <test-method status="PASS" signature="bonusOffersPreCondition()[pri:0, instance:freeGames.BonusOffers@3fd7a715]" name="bonusOffersPreCondition" is-config="true" duration-ms="0" started-at="2021-02-24T22:00:42 IST" finished-at="2021-02-24T22:00:42 IST">
          <reporter-output>
          </reporter-output>
        </test-method> <!-- bonusOffersPreCondition -->
        <test-method status="PASS" signature="commonPreConditionForAllTheTestCases()[pri:0, instance:freeGames.BonusOffers@3fd7a715]" name="commonPreConditionForAllTheTestCases" is-config="true" duration-ms="1" started-at="2021-02-24T22:00:42 IST" finished-at="2021-02-24T22:00:42 IST">
          <reporter-output>
          </reporter-output>
        </test-method> <!-- commonPreConditionForAllTheTestCases -->
        <test-method status="PASS" signature="test1()[pri:0, instance:freeGames.BonusOffers@3fd7a715]" name="test1" duration-ms="1" started-at="2021-02-24T22:00:42 IST" finished-at="2021-02-24T22:00:42 IST">
          <reporter-output>
          </reporter-output>
        </test-method> <!-- test1 -->
        <test-method status="PASS" signature="commonPostConditionForAllTheTestCases()[pri:0, instance:freeGames.BonusOffers@3fd7a715]" name="commonPostConditionForAllTheTestCases" is-config="true" duration-ms="0" started-at="2021-02-24T22:00:42 IST" finished-at="2021-02-24T22:00:42 IST">
          <reporter-output>
          </reporter-output>
        </test-method> <!-- commonPostConditionForAllTheTestCases -->
        <test-method status="PASS" signature="test2()[pri:0, instance:freeGames.BonusOffers@3fd7a715]" name="test2" duration-ms="2" started-at="2021-02-24T22:00:42 IST" finished-at="2021-02-24T22:00:42 IST">
          <reporter-output>
          </reporter-output>
        </test-method> <!-- test2 -->
        <test-method status="PASS" signature="commonPreConditionForAllTheTestCases()[pri:0, instance:freeGames.BonusOffers@3fd7a715]" name="commonPreConditionForAllTheTestCases" is-config="true" duration-ms="0" started-at="2021-02-24T22:00:42 IST" finished-at="2021-02-24T22:00:42 IST">
          <reporter-output>
          </reporter-output>
        </test-method> <!-- commonPreConditionForAllTheTestCases -->
        <test-method status="PASS" signature="commonPostConditionForAllTheTestCases()[pri:0, instance:freeGames.BonusOffers@3fd7a715]" name="commonPostConditionForAllTheTestCases" is-config="true" duration-ms="0" started-at="2021-02-24T22:00:42 IST" finished-at="2021-02-24T22:00:42 IST">
          <reporter-output>
          </reporter-output>
        </test-method> <!-- commonPostConditionForAllTheTestCases -->
        <test-method status="PASS" signature="commonPreConditionForAllTheTestCases()[pri:0, instance:freeGames.BonusOffers@3fd7a715]" name="commonPreConditionForAllTheTestCases" is-config="true" duration-ms="0" started-at="2021-02-24T22:00:42 IST" finished-at="2021-02-24T22:00:42 IST">
          <reporter-output>
          </reporter-output>
        </test-method> <!-- commonPreConditionForAllTheTestCases -->
        <test-method status="PASS" signature="test3()[pri:0, instance:freeGames.BonusOffers@3fd7a715]" name="test3" duration-ms="2" started-at="2021-02-24T22:00:42 IST" finished-at="2021-02-24T22:00:42 IST">
          <reporter-output>
          </reporter-output>
        </test-method> <!-- test3 -->
        <test-method status="PASS" signature="commonPostConditionForAllTheTestCases()[pri:0, instance:freeGames.BonusOffers@3fd7a715]" name="commonPostConditionForAllTheTestCases" is-config="true" duration-ms="0" started-at="2021-02-24T22:00:42 IST" finished-at="2021-02-24T22:00:42 IST">
          <reporter-output>
          </reporter-output>
        </test-method> <!-- commonPostConditionForAllTheTestCases -->
        <test-method status="PASS" signature="bonusOffersPostCondition()[pri:0, instance:freeGames.BonusOffers@3fd7a715]" name="bonusOffersPostCondition" is-config="true" duration-ms="1" started-at="2021-02-24T22:00:42 IST" finished-at="2021-02-24T22:00:42 IST">
          <reporter-output>
          </reporter-output>
        </test-method> <!-- bonusOffersPostCondition -->
        <test-method status="PASS" signature="freeGamesPostCondition()[pri:0, instance:freeGames.BonusOffers@3fd7a715]" name="freeGamesPostCondition" is-config="true" duration-ms="1" started-at="2021-02-24T22:00:42 IST" finished-at="2021-02-24T22:00:42 IST">
          <reporter-output>
          </reporter-output>
        </test-method> <!-- freeGamesPostCondition -->
      </class> <!-- freeGames.BonusOffers -->
      <class name="freeGames.CashOffers">
        <test-method status="PASS" signature="cashOffersPreCondition()[pri:0, instance:freeGames.CashOffers@711f39f9]" name="cashOffersPreCondition" is-config="true" duration-ms="1" started-at="2021-02-24T22:00:42 IST" finished-at="2021-02-24T22:00:42 IST">
          <reporter-output>
          </reporter-output>
        </test-method> <!-- cashOffersPreCondition -->
        <test-method status="PASS" signature="commonPreConditionForAllTheTestCases()[pri:0, instance:freeGames.CashOffers@711f39f9]" name="commonPreConditionForAllTheTestCases" is-config="true" duration-ms="0" started-at="2021-02-24T22:00:42 IST" finished-at="2021-02-24T22:00:42 IST">
          <reporter-output>
          </reporter-output>
        </test-method> <!-- commonPreConditionForAllTheTestCases -->
        <test-method status="PASS" signature="test1()[pri:0, instance:freeGames.CashOffers@711f39f9]" name="test1" duration-ms="2" started-at="2021-02-24T22:00:42 IST" finished-at="2021-02-24T22:00:42 IST">
          <reporter-output>
          </reporter-output>
        </test-method> <!-- test1 -->
        <test-method status="PASS" signature="commonPostConditionForAllTheTestCases()[pri:0, instance:freeGames.CashOffers@711f39f9]" name="commonPostConditionForAllTheTestCases" is-config="true" duration-ms="0" started-at="2021-02-24T22:00:42 IST" finished-at="2021-02-24T22:00:42 IST">
          <reporter-output>
          </reporter-output>
        </test-method> <!-- commonPostConditionForAllTheTestCases -->
        <test-method status="PASS" signature="commonPreConditionForAllTheTestCases()[pri:0, instance:freeGames.CashOffers@711f39f9]" name="commonPreConditionForAllTheTestCases" is-config="true" duration-ms="2" started-at="2021-02-24T22:00:42 IST" finished-at="2021-02-24T22:00:42 IST">
          <reporter-output>
          </reporter-output>
        </test-method> <!-- commonPreConditionForAllTheTestCases -->
        <test-method status="PASS" signature="test2()[pri:0, instance:freeGames.CashOffers@711f39f9]" name="test2" duration-ms="2" started-at="2021-02-24T22:00:42 IST" finished-at="2021-02-24T22:00:42 IST">
          <reporter-output>
          </reporter-output>
        </test-method> <!-- test2 -->
        <test-method status="PASS" signature="commonPostConditionForAllTheTestCases()[pri:0, instance:freeGames.CashOffers@711f39f9]" name="commonPostConditionForAllTheTestCases" is-config="true" duration-ms="0" started-at="2021-02-24T22:00:42 IST" finished-at="2021-02-24T22:00:42 IST">
          <reporter-output>
          </reporter-output>
        </test-method> <!-- commonPostConditionForAllTheTestCases -->
        <test-method status="PASS" signature="commonPreConditionForAllTheTestCases()[pri:0, instance:freeGames.CashOffers@711f39f9]" name="commonPreConditionForAllTheTestCases" is-config="true" duration-ms="1" started-at="2021-02-24T22:00:42 IST" finished-at="2021-02-24T22:00:42 IST">
          <reporter-output>
          </reporter-output>
        </test-method> <!-- commonPreConditionForAllTheTestCases -->
        <test-method status="PASS" signature="test3()[pri:0, instance:freeGames.CashOffers@711f39f9]" name="test3" duration-ms="1" started-at="2021-02-24T22:00:42 IST" finished-at="2021-02-24T22:00:42 IST">
          <reporter-output>
          </reporter-output>
        </test-method> <!-- test3 -->
        <test-method status="PASS" signature="commonPostConditionForAllTheTestCases()[pri:0, instance:freeGames.CashOffers@711f39f9]" name="commonPostConditionForAllTheTestCases" is-config="true" duration-ms="1" started-at="2021-02-24T22:00:42 IST" finished-at="2021-02-24T22:00:42 IST">
          <reporter-output>
          </reporter-output>
        </test-method> <!-- commonPostConditionForAllTheTestCases -->
        <test-method status="PASS" signature="cashOffersPostCondition()[pri:0, instance:freeGames.CashOffers@711f39f9]" name="cashOffersPostCondition" is-config="true" duration-ms="0" started-at="2021-02-24T22:00:42 IST" finished-at="2021-02-24T22:00:42 IST">
          <reporter-output>
          </reporter-output>
        </test-method> <!-- cashOffersPostCondition -->
      </class> <!-- freeGames.CashOffers -->
    </test> <!-- FreeGames Tests -->
    <test name="TimerAndSweepers Tests" duration-ms="43" started-at="2021-02-24T22:00:42 IST" finished-at="2021-02-24T22:00:42 IST">
      <class name="timersAndSweepers.SweeperInitiated">
        <test-method status="PASS" signature="sweeperInitiatedPreCondition()[pri:0, instance:timersAndSweepers.SweeperInitiated@6895a785]" name="sweeperInitiatedPreCondition" is-config="true" duration-ms="1" started-at="2021-02-24T22:00:42 IST" finished-at="2021-02-24T22:00:42 IST">
          <reporter-output>
          </reporter-output>
        </test-method> <!-- sweeperInitiatedPreCondition -->
        <test-method status="PASS" signature="commonPreConditionForAllTheTestCases()[pri:0, instance:timersAndSweepers.SweeperInitiated@6895a785]" name="commonPreConditionForAllTheTestCases" is-config="true" duration-ms="0" started-at="2021-02-24T22:00:42 IST" finished-at="2021-02-24T22:00:42 IST">
          <reporter-output>
          </reporter-output>
        </test-method> <!-- commonPreConditionForAllTheTestCases -->
        <test-method status="PASS" signature="test1()[pri:0, instance:timersAndSweepers.SweeperInitiated@6895a785]" name="test1" duration-ms="2" started-at="2021-02-24T22:00:42 IST" finished-at="2021-02-24T22:00:42 IST">
          <reporter-output>
          </reporter-output>
        </test-method> <!-- test1 -->
        <test-method status="PASS" signature="commonPostConditionForAllTheTestCases()[pri:0, instance:timersAndSweepers.SweeperInitiated@6895a785]" name="commonPostConditionForAllTheTestCases" is-config="true" duration-ms="0" started-at="2021-02-24T22:00:42 IST" finished-at="2021-02-24T22:00:42 IST">
          <reporter-output>
          </reporter-output>
        </test-method> <!-- commonPostConditionForAllTheTestCases -->
        <test-method status="PASS" signature="commonPreConditionForAllTheTestCases()[pri:0, instance:timersAndSweepers.SweeperInitiated@6895a785]" name="commonPreConditionForAllTheTestCases" is-config="true" duration-ms="1" started-at="2021-02-24T22:00:42 IST" finished-at="2021-02-24T22:00:42 IST">
          <reporter-output>
          </reporter-output>
        </test-method> <!-- commonPreConditionForAllTheTestCases -->
        <test-method status="PASS" signature="test2()[pri:0, instance:timersAndSweepers.SweeperInitiated@6895a785]" name="test2" duration-ms="2" started-at="2021-02-24T22:00:42 IST" finished-at="2021-02-24T22:00:42 IST">
          <reporter-output>
          </reporter-output>
        </test-method> <!-- test2 -->
        <test-method status="PASS" signature="commonPostConditionForAllTheTestCases()[pri:0, instance:timersAndSweepers.SweeperInitiated@6895a785]" name="commonPostConditionForAllTheTestCases" is-config="true" duration-ms="2" started-at="2021-02-24T22:00:42 IST" finished-at="2021-02-24T22:00:42 IST">
          <reporter-output>
          </reporter-output>
        </test-method> <!-- commonPostConditionForAllTheTestCases -->
        <test-method status="PASS" signature="commonPreConditionForAllTheTestCases()[pri:0, instance:timersAndSweepers.SweeperInitiated@6895a785]" name="commonPreConditionForAllTheTestCases" is-config="true" duration-ms="0" started-at="2021-02-24T22:00:42 IST" finished-at="2021-02-24T22:00:42 IST">
          <reporter-output>
          </reporter-output>
        </test-method> <!-- commonPreConditionForAllTheTestCases -->
        <test-method status="PASS" signature="test3()[pri:0, instance:timersAndSweepers.SweeperInitiated@6895a785]" name="test3" duration-ms="2" started-at="2021-02-24T22:00:42 IST" finished-at="2021-02-24T22:00:42 IST">
          <reporter-output>
          </reporter-output>
        </test-method> <!-- test3 -->
        <test-method status="PASS" signature="commonPostConditionForAllTheTestCases()[pri:0, instance:timersAndSweepers.SweeperInitiated@6895a785]" name="commonPostConditionForAllTheTestCases" is-config="true" duration-ms="1" started-at="2021-02-24T22:00:42 IST" finished-at="2021-02-24T22:00:42 IST">
          <reporter-output>
          </reporter-output>
        </test-method> <!-- commonPostConditionForAllTheTestCases -->
        <test-method status="PASS" signature="sweeperInitiatedPostCondition()[pri:0, instance:timersAndSweepers.SweeperInitiated@6895a785]" name="sweeperInitiatedPostCondition" is-config="true" duration-ms="1" started-at="2021-02-24T22:00:42 IST" finished-at="2021-02-24T22:00:42 IST">
          <reporter-output>
          </reporter-output>
        </test-method> <!-- sweeperInitiatedPostCondition -->
      </class> <!-- timersAndSweepers.SweeperInitiated -->
      <class name="timersAndSweepers.UserInitiated">
        <test-method status="PASS" signature="oneTimeSetUp()[pri:0, instance:timersAndSweepers.UserInitiated@48503868]" name="oneTimeSetUp" is-config="true" duration-ms="20" started-at="2021-02-24T22:00:42 IST" finished-at="2021-02-24T22:00:42 IST">
          <reporter-output>
          </reporter-output>
        </test-method> <!-- oneTimeSetUp -->
        <test-method status="PASS" signature="timersAndSweepersPreCondition()[pri:0, instance:timersAndSweepers.UserInitiated@48503868]" name="timersAndSweepersPreCondition" is-config="true" duration-ms="1" started-at="2021-02-24T22:00:42 IST" finished-at="2021-02-24T22:00:42 IST">
          <reporter-output>
          </reporter-output>
        </test-method> <!-- timersAndSweepersPreCondition -->
        <test-method status="PASS" signature="userInitiatedPreCondition()[pri:0, instance:timersAndSweepers.UserInitiated@48503868]" name="userInitiatedPreCondition" is-config="true" duration-ms="0" started-at="2021-02-24T22:00:42 IST" finished-at="2021-02-24T22:00:42 IST">
          <reporter-output>
          </reporter-output>
        </test-method> <!-- userInitiatedPreCondition -->
        <test-method status="PASS" signature="commonPreConditionForAllTheTestCases()[pri:0, instance:timersAndSweepers.UserInitiated@48503868]" name="commonPreConditionForAllTheTestCases" is-config="true" duration-ms="1" started-at="2021-02-24T22:00:42 IST" finished-at="2021-02-24T22:00:42 IST">
          <reporter-output>
          </reporter-output>
        </test-method> <!-- commonPreConditionForAllTheTestCases -->
        <test-method status="PASS" signature="test1()[pri:0, instance:timersAndSweepers.UserInitiated@48503868]" name="test1" duration-ms="1" started-at="2021-02-24T22:00:42 IST" finished-at="2021-02-24T22:00:42 IST">
          <reporter-output>
          </reporter-output>
        </test-method> <!-- test1 -->
        <test-method status="PASS" signature="commonPostConditionForAllTheTestCases()[pri:0, instance:timersAndSweepers.UserInitiated@48503868]" name="commonPostConditionForAllTheTestCases" is-config="true" duration-ms="1" started-at="2021-02-24T22:00:42 IST" finished-at="2021-02-24T22:00:42 IST">
          <reporter-output>
          </reporter-output>
        </test-method> <!-- commonPostConditionForAllTheTestCases -->
        <test-method status="PASS" signature="commonPreConditionForAllTheTestCases()[pri:0, instance:timersAndSweepers.UserInitiated@48503868]" name="commonPreConditionForAllTheTestCases" is-config="true" duration-ms="1" started-at="2021-02-24T22:00:42 IST" finished-at="2021-02-24T22:00:42 IST">
          <reporter-output>
          </reporter-output>
        </test-method> <!-- commonPreConditionForAllTheTestCases -->
        <test-method status="PASS" signature="test2()[pri:0, instance:timersAndSweepers.UserInitiated@48503868]" name="test2" duration-ms="3" started-at="2021-02-24T22:00:42 IST" finished-at="2021-02-24T22:00:42 IST">
          <reporter-output>
          </reporter-output>
        </test-method> <!-- test2 -->
        <test-method status="PASS" signature="commonPostConditionForAllTheTestCases()[pri:0, instance:timersAndSweepers.UserInitiated@48503868]" name="commonPostConditionForAllTheTestCases" is-config="true" duration-ms="0" started-at="2021-02-24T22:00:42 IST" finished-at="2021-02-24T22:00:42 IST">
          <reporter-output>
          </reporter-output>
        </test-method> <!-- commonPostConditionForAllTheTestCases -->
        <test-method status="PASS" signature="commonPreConditionForAllTheTestCases()[pri:0, instance:timersAndSweepers.UserInitiated@48503868]" name="commonPreConditionForAllTheTestCases" is-config="true" duration-ms="0" started-at="2021-02-24T22:00:42 IST" finished-at="2021-02-24T22:00:42 IST">
          <reporter-output>
          </reporter-output>
        </test-method> <!-- commonPreConditionForAllTheTestCases -->
        <test-method status="PASS" signature="test3()[pri:0, instance:timersAndSweepers.UserInitiated@48503868]" name="test3" duration-ms="1" started-at="2021-02-24T22:00:42 IST" finished-at="2021-02-24T22:00:42 IST">
          <reporter-output>
          </reporter-output>
        </test-method> <!-- test3 -->
        <test-method status="PASS" signature="commonPostConditionForAllTheTestCases()[pri:0, instance:timersAndSweepers.UserInitiated@48503868]" name="commonPostConditionForAllTheTestCases" is-config="true" duration-ms="0" started-at="2021-02-24T22:00:42 IST" finished-at="2021-02-24T22:00:42 IST">
          <reporter-output>
          </reporter-output>
        </test-method> <!-- commonPostConditionForAllTheTestCases -->
        <test-method status="PASS" signature="userInitiatedPostCondition()[pri:0, instance:timersAndSweepers.UserInitiated@48503868]" name="userInitiatedPostCondition" is-config="true" duration-ms="0" started-at="2021-02-24T22:00:42 IST" finished-at="2021-02-24T22:00:42 IST">
          <reporter-output>
          </reporter-output>
        </test-method> <!-- userInitiatedPostCondition -->
        <test-method status="PASS" signature="timersAndSweepersPostCondition()[pri:0, instance:timersAndSweepers.UserInitiated@48503868]" name="timersAndSweepersPostCondition" is-config="true" duration-ms="1" started-at="2021-02-24T22:00:42 IST" finished-at="2021-02-24T22:00:42 IST">
          <reporter-output>
          </reporter-output>
        </test-method> <!-- timersAndSweepersPostCondition -->
        <test-method status="PASS" signature="oneTimeTearDown()[pri:0, instance:timersAndSweepers.UserInitiated@48503868]" name="oneTimeTearDown" is-config="true" duration-ms="1" started-at="2021-02-24T22:00:42 IST" finished-at="2021-02-24T22:00:42 IST">
          <reporter-output>
          </reporter-output>
        </test-method> <!-- oneTimeTearDown -->
      </class> <!-- timersAndSweepers.UserInitiated -->
    </test> <!-- TimerAndSweepers Tests -->
  </suite> <!-- Suite -->
</testng-results>
