<?xml version="1.0" encoding="UTF-8"?>
<!-- Generated by org.testng.reporters.JUnitXMLReporter -->
<testsuite hostname="LAPTOP-Q3VD0TQR" ignored="1" name="Default test" tests="2" failures="0" timestamp="2021-02-23T22:28:56 IST" time="0.037" errors="0">
  <testcase name="test2" time="0.005" classname="testing.AnnotationsClass3"/>
  <testcase name="test1" time="0.001" classname="testing.AnnotationsClass3"/>
  <testcase name="test3" time="0.0" classname="testing.AnnotationsClass3">
    <ignored/>
  </testcase> <!-- test3 -->
</testsuite> <!-- Default test -->
